germanoprg [ ls -l ] 0.00 0.00
germanoprg [ ls -l ] Dez/2018 0.00 0.00
germanoprg [ ls -l ] 09/Dez/2018 0.00 0.00
germanoprg [ ls ] 09/Dez/2018 0.00 0.00
germanoprg [ ls -l ] 09/Dez/2018 0.00 0.00
germanoprg [ cat commands.log ] 09/Dez/2018 0.00 0.00
germanoprg [ ls ] 09/Dez/2018 0.00 0.00
germanoprg [ cd .. ] 09/Dez/2018 0.00 0.00
germanoprg [ ls ] 09/Dez/2018 0.00 0.00
germanoprg [ exit ] 09/Dez/2018 0.00 0.00
germanoprg [ ls ] 15/Dez/2018 0.00 0.00
germanoprg [ ls ] 15/Dez/2018 0.00 0.00
germanoprg [ commands.log ] 15/Dez/2018 0.00 0.00
germanoprg [ ls ] 15/Dez/2018 0.00 0.00
germanoprg [ ping 8.8.8.8 ] 15/Dez/2018 0.00 0.00
germanoprg [ ] 15/Dez/2018 0.00 0.00
germanoprg [ ls ] 15/Dez/2018 0.00 0.00
germanoprg [ cd .. ] 16/Dez/2018 0.00 0.00
germanoprg [ cd .. ] 16/Dez/2018 0.00 0.00
germanoprg [ cd .. ] 16/Dez/2018 0.00 0.00
germanoprg [ cd .. ] 16/Dez/2018 0.00 0.00
germanoprg [ cd .. ] 16/Dez/2018 0.00 0.00
germanoprg [ ls ] 16/Dez/2018 0.00 0.00
germanoprg [ cd .. ] 16/Dez/2018 0.00 0.00
germanoprg [ cd .. ] 16/Dez/2018 0.00 0.00
germanoprg [ cd .. ] 16/Dez/2018 0.00 0.00
germanoprg [ cd .. ] 16/Dez/2018 0.00 0.00
germanoprg [ cd .. ] 16/Dez/2018 0.00 0.00
germanoprg [ ls ] 16/Dez/2018 0.00 0.00
germanoprg [ cd .. ] 16/Dez/2018 0.00 0.00
